<?xml version="1.0" encoding="UTF-8"?>
<!-- Generated by org.testng.reporters.JUnitReportReporter -->
<testsuite skipped="0" hostname="DESKTOP-AAEMRI1" name="TestCases.Test_2" tests="1" failures="0" timestamp="2021-01-08T20:01:27 IST" time="0.418" errors="0">
  <testcase name="ClickTest" time="0.418" classname="TestCases.Test_2"/>
  <system-out/>
</testsuite> <!-- TestCases.Test_2 -->
