<?xml version="1.0" encoding="UTF-8"?>
<!-- Generated by org.testng.reporters.JUnitReportReporter -->
<testsuite skipped="0" hostname="DESKTOP-AAEMRI1" name="TestCases.Test_1" tests="1" failures="0" timestamp="2021-01-08T19:31:48 IST" time="24.850" errors="0">
  <testcase name="clickTest" time="24.850" classname="TestCases.Test_1"/>
  <system-out/>
</testsuite> <!-- TestCases.Test_1 -->
